c:\users\francisco.nabas\onedrive\repositories\processslayer\core\x64\debug\vc143.pdb
c:\users\francisco.nabas\onedrive\repositories\processslayer\core\x64\debug\resource.obj
c:\users\francisco.nabas\onedrive\repositories\processslayer\core\x64\debug\drivermanager.obj
c:\users\francisco.nabas\onedrive\repositories\processslayer\core\x64\debug\core.obj
c:\users\francisco.nabas\onedrive\repositories\processslayer\core\x64\debug\core.pch
c:\users\francisco.nabas\onedrive\repositories\processslayer\core\x64\debug\pch.obj
c:\users\francisco.nabas\onedrive\repositories\processslayer\core\x64\debug\processandthread.obj
c:\users\francisco.nabas\onedrive\repositories\processslayer\core\x64\debug\assemblyinfo.obj
c:\users\francisco.nabas\onedrive\repositories\processslayer\core\x64\debug\accesscontrol.obj
c:\users\francisco.nabas\onedrive\repositories\processslayer\core\x64\debug\.netcoreapp,version=v7.0.assemblyattributes.obj
c:\users\frank\onedrive\repositories\processslayer\core\x64\debug\core.dll
c:\users\frank\onedrive\repositories\processslayer\core\x64\debug\core.pdb
c:\users\francisco.nabas\onedrive\repositories\processslayer\core\x64\debug\core.dll
c:\users\francisco.nabas\onedrive\repositories\processslayer\core\x64\debug\core.pdb
c:\users\francisco.nabas\onedrive\repositories\processslayer\core\x64\debug\resource.res
c:\users\frank\onedrive\repositories\processslayer\core\x64\debug\core.res
c:\users\francisco.nabas\onedrive\repositories\processslayer\core\x64\debug\core.res
c:\users\francisco.nabas\onedrive\repositories\processslayer\core\x64\debug\core.assets.cache
c:\users\francisco.nabas\onedrive\repositories\processslayer\core\x64\debug\core-brspitscs667.obj
c:\users\francisco.nabas\onedrive\repositories\processslayer\core\x64\debug\drivermanager-brspitscs667.obj
c:\users\francisco.nabas\onedrive\repositories\processslayer\core\x64\debug\resource-brspitscs667.obj
c:\users\francisco.nabas\onedrive\repositories\processslayer\core\x64\debug\core-brspitscs667.pdb
c:\users\francisco.nabas\onedrive\repositories\processslayer\core\x64\debug\vc143-brspitscs667.pdb
c:\users\francisco.nabas\onedrive\repositories\processslayer\core\x64\debug\core.tlog\cl.command.1-brspitscs667.tlog
c:\users\francisco.nabas\onedrive\repositories\processslayer\core\x64\debug\core.tlog\cl.command.1.tlog
c:\users\francisco.nabas\onedrive\repositories\processslayer\core\x64\debug\core.tlog\cl.items-brspitscs667.tlog
c:\users\francisco.nabas\onedrive\repositories\processslayer\core\x64\debug\core.tlog\cl.items.tlog
c:\users\francisco.nabas\onedrive\repositories\processslayer\core\x64\debug\core.tlog\cl.read.1-brspitscs667.tlog
c:\users\francisco.nabas\onedrive\repositories\processslayer\core\x64\debug\core.tlog\cl.write.1-brspitscs667.tlog
c:\users\francisco.nabas\onedrive\repositories\processslayer\core\x64\debug\core.tlog\link.command.1-brspitscs667.tlog
c:\users\francisco.nabas\onedrive\repositories\processslayer\core\x64\debug\core.tlog\link.command.1.tlog
c:\users\francisco.nabas\onedrive\repositories\processslayer\core\x64\debug\core.tlog\link.read.1-brspitscs667.tlog
c:\users\francisco.nabas\onedrive\repositories\processslayer\core\x64\debug\core.tlog\link.write.1-brspitscs667.tlog
c:\users\francisco.nabas\onedrive\repositories\processslayer\core\x64\debug\core.tlog\rc.command.1-brspitscs667.tlog
c:\users\francisco.nabas\onedrive\repositories\processslayer\core\x64\debug\core.tlog\rc.command.1.tlog
c:\users\francisco.nabas\onedrive\repositories\processslayer\core\x64\debug\core.tlog\rc.read.1-brspitscs667.tlog
c:\users\francisco.nabas\onedrive\repositories\processslayer\core\x64\debug\core.tlog\rc.write.1-brspitscs667.tlog
